<?xml version="1.0" encoding="UTF-8"?>
<testng-results ignored="0" total="1" passed="1" failed="0" skipped="0">
  <reporter-output>
  </reporter-output>
  <suite started-at="2024-10-24T13:24:46 IST" name="Default suite" finished-at="2024-10-24T13:25:12 IST" duration-ms="26149">
    <groups>
    </groups>
    <test started-at="2024-10-24T13:24:46 IST" name="Default test" finished-at="2024-10-24T13:25:12 IST" duration-ms="26149">
      <class name="Testcases.Login">
        <test-method is-config="true" signature="setupReport()[pri:0, instance:Testcases.Login@36ebc363]" started-at="2024-10-24T13:24:46 IST" name="setupReport" finished-at="2024-10-24T13:24:46 IST" duration-ms="160" status="PASS">
          <reporter-output>
          </reporter-output>
        </test-method> <!-- setupReport -->
        <test-method is-config="true" signature="setup()[pri:0, instance:Testcases.Login@36ebc363]" started-at="2024-10-24T13:24:46 IST" name="setup" finished-at="2024-10-24T13:24:55 IST" duration-ms="8944" status="PASS">
          <reporter-output>
          </reporter-output>
        </test-method> <!-- setup -->
        <test-method signature="LoginData(java.lang.String,java.lang.String)[pri:0, instance:Testcases.Login@36ebc363]" started-at="2024-10-24T13:24:55 IST" name="LoginData" data-provider="testData" finished-at="2024-10-24T13:25:12 IST" duration-ms="16770" status="PASS">
          <params>
            <param index="0">
              <value>
                <![CDATA[9964529501]]>
              </value>
            </param>
            <param index="1">
              <value>
                <![CDATA[123456]]>
              </value>
            </param>
          </params>
          <reporter-output>
          </reporter-output>
        </test-method> <!-- LoginData -->
        <test-method is-config="true" signature="tearDown()[pri:0, instance:Testcases.Login@36ebc363]" started-at="2024-10-24T13:25:12 IST" name="tearDown" finished-at="2024-10-24T13:25:12 IST" duration-ms="0" status="PASS">
          <reporter-output>
          </reporter-output>
        </test-method> <!-- tearDown -->
        <test-method is-config="true" signature="tearDownReport()[pri:0, instance:Testcases.Login@36ebc363]" started-at="2024-10-24T13:25:12 IST" name="tearDownReport" finished-at="2024-10-24T13:25:12 IST" duration-ms="191" status="PASS">
          <reporter-output>
          </reporter-output>
        </test-method> <!-- tearDownReport -->
      </class> <!-- Testcases.Login -->
    </test> <!-- Default test -->
  </suite> <!-- Default suite -->
</testng-results>
