<?xml version="1.0" encoding="UTF-8"?>
<testng-results ignored="0" total="1" passed="0" failed="1" skipped="0">
  <reporter-output>
  </reporter-output>
  <suite started-at="2024-10-23T11:26:57 IST" name="Default suite" finished-at="2024-10-23T11:27:37 IST" duration-ms="39675">
    <groups>
    </groups>
    <test started-at="2024-10-23T11:26:57 IST" name="Default test" finished-at="2024-10-23T11:27:37 IST" duration-ms="39675">
      <class name="Testcases.Login">
        <test-method is-config="true" signature="setupReport()[pri:0, instance:Testcases.Login@36ebc363]" started-at="2024-10-23T11:26:57 IST" name="setupReport" finished-at="2024-10-23T11:26:57 IST" duration-ms="180" status="PASS">
          <reporter-output>
          </reporter-output>
        </test-method> <!-- setupReport -->
        <test-method is-config="true" signature="setup()[pri:0, instance:Testcases.Login@36ebc363]" started-at="2024-10-23T11:26:58 IST" name="setup" finished-at="2024-10-23T11:27:08 IST" duration-ms="9991" status="PASS">
          <reporter-output>
          </reporter-output>
        </test-method> <!-- setup -->
        <test-method signature="LoginData(java.lang.String,java.lang.String)[pri:0, instance:Testcases.Login@36ebc363]" started-at="2024-10-23T11:27:08 IST" name="LoginData" data-provider="testData" finished-at="2024-10-23T11:27:37 IST" duration-ms="29189" status="FAIL">
          <params>
            <param index="0">
              <value>
                <![CDATA[9964529501]]>
              </value>
            </param>
            <param index="1">
              <value>
                <![CDATA[123456]]>
              </value>
            </param>
          </params>
          <exception class="org.openqa.selenium.TimeoutException">
            <message>
              <![CDATA[Expected condition failed: waiting for element to be clickable: By.xpath: //android.widget.EditText[@resource-id="otp_0_0h35wr42oocm2lgm459"] (tried for 20 second(s) with 500 milliseconds interval)
Build info: version: '4.9.0', revision: 'd7057100a6'
System info: os.name: 'Windows 11', os.arch: 'amd64', os.version: '10.0', java.version: '22.0.2'
Driver info: io.appium.java_client.AppiumDriver
Capabilities {appium:app: D:\App testing\app-debug-23..., appium:appPackage: com.workorbits.app, appium:automationName: UiAutomator2, appium:databaseEnabled: false, appium:desired: {app: D:\App testing\app-debug-23..., automationName: UiAutomator2, deviceName: Pixel 8a API , platformName: ANDROID}, appium:deviceApiLevel: 35, appium:deviceManufacturer: Google, appium:deviceModel: sdk_gphone64_x86_64, appium:deviceName: emulator-5554, appium:deviceScreenDensity: 420, appium:deviceScreenSize: 1080x2400, appium:deviceUDID: emulator-5554, appium:javascriptEnabled: true, appium:locationContextEnabled: false, appium:networkConnectionEnabled: true, appium:pixelRatio: 2.625, appium:platformVersion: 15, appium:statBarHeight: 151, appium:takesScreenshot: true, appium:viewportRect: {height: 2249, left: 0, top: 151, width: 1080}, appium:warnings: {}, appium:webStorageEnabled: false, platformName: ANDROID}
Session ID: a6368101-e17e-49ff-8def-0e47488452eb]]>
            </message>
            <full-stacktrace>
              <![CDATA[org.openqa.selenium.TimeoutException: Expected condition failed: waiting for element to be clickable: By.xpath: //android.widget.EditText[@resource-id="otp_0_0h35wr42oocm2lgm459"] (tried for 20 second(s) with 500 milliseconds interval)
Build info: version: '4.9.0', revision: 'd7057100a6'
System info: os.name: 'Windows 11', os.arch: 'amd64', os.version: '10.0', java.version: '22.0.2'
Driver info: io.appium.java_client.AppiumDriver
Capabilities {appium:app: D:\App testing\app-debug-23..., appium:appPackage: com.workorbits.app, appium:automationName: UiAutomator2, appium:databaseEnabled: false, appium:desired: {app: D:\App testing\app-debug-23..., automationName: UiAutomator2, deviceName: Pixel 8a API , platformName: ANDROID}, appium:deviceApiLevel: 35, appium:deviceManufacturer: Google, appium:deviceModel: sdk_gphone64_x86_64, appium:deviceName: emulator-5554, appium:deviceScreenDensity: 420, appium:deviceScreenSize: 1080x2400, appium:deviceUDID: emulator-5554, appium:javascriptEnabled: true, appium:locationContextEnabled: false, appium:networkConnectionEnabled: true, appium:pixelRatio: 2.625, appium:platformVersion: 15, appium:statBarHeight: 151, appium:takesScreenshot: true, appium:viewportRect: {height: 2249, left: 0, top: 151, width: 1080}, appium:warnings: {}, appium:webStorageEnabled: false, platformName: ANDROID}
Session ID: a6368101-e17e-49ff-8def-0e47488452eb
at org.openqa.selenium.support.ui.WebDriverWait.timeoutException(WebDriverWait.java:87)
at org.openqa.selenium.support.ui.FluentWait.until(FluentWait.java:231)
at Pages.LoginPage.enterOTP(LoginPage.java:73)
at Testcases.Login.LoginData(Login.java:26)
at java.base/jdk.internal.reflect.DirectMethodHandleAccessor.invoke(DirectMethodHandleAccessor.java:103)
at java.base/java.lang.reflect.Method.invoke(Method.java:580)
at org.testng.internal.MethodInvocationHelper.invokeMethod(MethodInvocationHelper.java:133)
at org.testng.internal.TestInvoker.invokeMethod(TestInvoker.java:598)
at org.testng.internal.TestInvoker.invokeTestMethod(TestInvoker.java:173)
at org.testng.internal.MethodRunner.runInSequence(MethodRunner.java:46)
at org.testng.internal.TestInvoker$MethodInvocationAgent.invoke(TestInvoker.java:824)
at org.testng.internal.TestInvoker.invokeTestMethods(TestInvoker.java:146)
at org.testng.internal.TestMethodWorker.invokeTestMethods(TestMethodWorker.java:146)
at org.testng.internal.TestMethodWorker.run(TestMethodWorker.java:128)
at java.base/java.util.ArrayList.forEach(ArrayList.java:1597)
at org.testng.TestRunner.privateRun(TestRunner.java:794)
at org.testng.TestRunner.run(TestRunner.java:596)
at org.testng.SuiteRunner.runTest(SuiteRunner.java:377)
at org.testng.SuiteRunner.runSequentially(SuiteRunner.java:371)
at org.testng.SuiteRunner.privateRun(SuiteRunner.java:332)
at org.testng.SuiteRunner.run(SuiteRunner.java:276)
at org.testng.SuiteRunnerWorker.runSuite(SuiteRunnerWorker.java:53)
at org.testng.SuiteRunnerWorker.run(SuiteRunnerWorker.java:96)
at org.testng.TestNG.runSuitesSequentially(TestNG.java:1212)
at org.testng.TestNG.runSuitesLocally(TestNG.java:1134)
at org.testng.TestNG.runSuites(TestNG.java:1063)
at org.testng.TestNG.run(TestNG.java:1031)
at org.testng.remote.AbstractRemoteTestNG.run(AbstractRemoteTestNG.java:115)
at org.testng.remote.RemoteTestNG.initAndRun(RemoteTestNG.java:293)
at org.testng.remote.RemoteTestNG.main(RemoteTestNG.java:91)
]]>
            </full-stacktrace>
          </exception> <!-- org.openqa.selenium.TimeoutException -->
          <reporter-output>
          </reporter-output>
        </test-method> <!-- LoginData -->
        <test-method is-config="true" signature="tearDown()[pri:0, instance:Testcases.Login@36ebc363]" started-at="2024-10-23T11:27:37 IST" name="tearDown" finished-at="2024-10-23T11:27:37 IST" duration-ms="0" status="PASS">
          <reporter-output>
          </reporter-output>
        </test-method> <!-- tearDown -->
        <test-method is-config="true" signature="tearDownReport()[pri:0, instance:Testcases.Login@36ebc363]" started-at="2024-10-23T11:27:37 IST" name="tearDownReport" finished-at="2024-10-23T11:27:37 IST" duration-ms="208" status="PASS">
          <reporter-output>
          </reporter-output>
        </test-method> <!-- tearDownReport -->
      </class> <!-- Testcases.Login -->
    </test> <!-- Default test -->
  </suite> <!-- Default suite -->
</testng-results>
